time="2019-12-03T13:14:50+01:00" level=debug msg="OpenShift Installer unreleased-master-2025-g23f40299a6ab4f4f9bfbfd1ec1d15dfab90a6ecf-dirty"
time="2019-12-03T13:14:50+01:00" level=debug msg="Built from commit 23f40299a6ab4f4f9bfbfd1ec1d15dfab90a6ecf"
time="2019-12-03T13:14:50+01:00" level=debug msg="Fetching Terraform Variables..."
time="2019-12-03T13:14:50+01:00" level=debug msg="Loading Terraform Variables..."
time="2019-12-03T13:14:50+01:00" level=debug msg="  Loading Cluster ID..."
time="2019-12-03T13:14:50+01:00" level=debug msg="    Loading Install Config..."
time="2019-12-03T13:14:50+01:00" level=debug msg="      Loading SSH Key..."
time="2019-12-03T13:14:50+01:00" level=debug msg="      Loading Base Domain..."
time="2019-12-03T13:14:50+01:00" level=debug msg="        Loading Platform..."
time="2019-12-03T13:14:50+01:00" level=debug msg="      Loading Cluster Name..."
time="2019-12-03T13:14:50+01:00" level=debug msg="        Loading Base Domain..."
time="2019-12-03T13:14:50+01:00" level=debug msg="      Loading Pull Secret..."
time="2019-12-03T13:14:50+01:00" level=debug msg="      Loading Platform..."
time="2019-12-03T13:14:50+01:00" level=debug msg="  Loading Install Config..."
time="2019-12-03T13:14:50+01:00" level=debug msg="  Loading Image..."
time="2019-12-03T13:14:50+01:00" level=debug msg="    Loading Install Config..."
time="2019-12-03T13:14:50+01:00" level=debug msg="  Loading BootstrapImage..."
time="2019-12-03T13:14:50+01:00" level=debug msg="    Loading Install Config..."
time="2019-12-03T13:14:50+01:00" level=debug msg="  Loading Bootstrap Ignition Config..."
time="2019-12-03T13:14:50+01:00" level=debug msg="    Loading Install Config..."
time="2019-12-03T13:14:50+01:00" level=debug msg="    Loading Kubeconfig Admin Client..."
time="2019-12-03T13:14:50+01:00" level=debug msg="      Loading Certificate (admin-kubeconfig-client)..."
time="2019-12-03T13:14:50+01:00" level=debug msg="        Loading Certificate (admin-kubeconfig-signer)..."
time="2019-12-03T13:14:50+01:00" level=debug msg="      Loading Certificate (kube-apiserver-complete-server-ca-bundle)..."
time="2019-12-03T13:14:50+01:00" level=debug msg="        Loading Certificate (kube-apiserver-localhost-ca-bundle)..."
time="2019-12-03T13:14:50+01:00" level=debug msg="          Loading Certificate (kube-apiserver-localhost-signer)..."
time="2019-12-03T13:14:50+01:00" level=debug msg="        Loading Certificate (kube-apiserver-service-network-ca-bundle)..."
time="2019-12-03T13:14:50+01:00" level=debug msg="          Loading Certificate (kube-apiserver-service-network-signer)..."
time="2019-12-03T13:14:50+01:00" level=debug msg="        Loading Certificate (kube-apiserver-lb-ca-bundle)..."
time="2019-12-03T13:14:50+01:00" level=debug msg="          Loading Certificate (kube-apiserver-lb-signer)..."
time="2019-12-03T13:14:50+01:00" level=debug msg="      Loading Install Config..."
time="2019-12-03T13:14:50+01:00" level=debug msg="    Loading Kubeconfig Kubelet..."
time="2019-12-03T13:14:50+01:00" level=debug msg="      Loading Certificate (kube-apiserver-complete-server-ca-bundle)..."
time="2019-12-03T13:14:50+01:00" level=debug msg="      Loading Certificate (kubelet-client)..."
time="2019-12-03T13:14:50+01:00" level=debug msg="        Loading Certificate (kubelet-bootstrap-kubeconfig-signer)..."
time="2019-12-03T13:14:50+01:00" level=debug msg="      Loading Install Config..."
time="2019-12-03T13:14:50+01:00" level=debug msg="    Loading Kubeconfig Admin Client (Loopback)..."
time="2019-12-03T13:14:50+01:00" level=debug msg="      Loading Certificate (admin-kubeconfig-client)..."
time="2019-12-03T13:14:50+01:00" level=debug msg="      Loading Certificate (kube-apiserver-localhost-ca-bundle)..."
time="2019-12-03T13:14:50+01:00" level=debug msg="      Loading Install Config..."
time="2019-12-03T13:14:50+01:00" level=debug msg="    Loading Master Machines..."
time="2019-12-03T13:14:50+01:00" level=debug msg="      Loading Cluster ID..."
time="2019-12-03T13:14:50+01:00" level=debug msg="      Loading Platform Credentials Check..."
time="2019-12-03T13:14:50+01:00" level=debug msg="        Loading Install Config..."
time="2019-12-03T13:14:50+01:00" level=debug msg="      Loading Install Config..."
time="2019-12-03T13:14:50+01:00" level=debug msg="      Loading Image..."
time="2019-12-03T13:14:50+01:00" level=debug msg="      Loading Master Ignition Config..."
time="2019-12-03T13:14:50+01:00" level=debug msg="        Loading Install Config..."
time="2019-12-03T13:14:50+01:00" level=debug msg="        Loading Root CA..."
time="2019-12-03T13:14:50+01:00" level=debug msg="    Loading Worker Machines..."
time="2019-12-03T13:14:50+01:00" level=debug msg="      Loading Cluster ID..."
time="2019-12-03T13:14:50+01:00" level=debug msg="      Loading Platform Credentials Check..."
time="2019-12-03T13:14:50+01:00" level=debug msg="      Loading Install Config..."
time="2019-12-03T13:14:50+01:00" level=debug msg="      Loading Image..."
time="2019-12-03T13:14:50+01:00" level=debug msg="      Loading Worker Ignition Config..."
time="2019-12-03T13:14:50+01:00" level=debug msg="        Loading Install Config..."
time="2019-12-03T13:14:50+01:00" level=debug msg="        Loading Root CA..."
time="2019-12-03T13:14:50+01:00" level=debug msg="    Loading Common Manifests..."
time="2019-12-03T13:14:50+01:00" level=debug msg="      Loading Cluster ID..."
time="2019-12-03T13:14:50+01:00" level=debug msg="      Loading Install Config..."
time="2019-12-03T13:14:50+01:00" level=debug msg="      Loading Ingress Config..."
time="2019-12-03T13:14:50+01:00" level=debug msg="        Loading Install Config..."
time="2019-12-03T13:14:50+01:00" level=debug msg="      Loading DNS Config..."
time="2019-12-03T13:14:50+01:00" level=debug msg="        Loading Install Config..."
time="2019-12-03T13:14:50+01:00" level=debug msg="        Loading Cluster ID..."
time="2019-12-03T13:14:50+01:00" level=debug msg="        Loading Platform Credentials Check..."
time="2019-12-03T13:14:50+01:00" level=debug msg="      Loading Infrastructure Config..."
time="2019-12-03T13:14:50+01:00" level=debug msg="        Loading Cluster ID..."
time="2019-12-03T13:14:50+01:00" level=debug msg="        Loading Install Config..."
time="2019-12-03T13:14:50+01:00" level=debug msg="        Loading Cloud Provider Config..."
time="2019-12-03T13:14:50+01:00" level=debug msg="          Loading Install Config..."
time="2019-12-03T13:14:50+01:00" level=debug msg="          Loading Cluster ID..."
time="2019-12-03T13:14:50+01:00" level=debug msg="          Loading Platform Credentials Check..."
time="2019-12-03T13:14:50+01:00" level=debug msg="        Loading Additional Trust Bundle Config..."
time="2019-12-03T13:14:50+01:00" level=debug msg="          Loading Install Config..."
time="2019-12-03T13:14:50+01:00" level=debug msg="      Loading Network Config..."
time="2019-12-03T13:14:50+01:00" level=debug msg="        Loading Install Config..."
time="2019-12-03T13:14:50+01:00" level=debug msg="        Loading Network CRDs..."
time="2019-12-03T13:14:50+01:00" level=debug msg="      Loading Proxy Config..."
time="2019-12-03T13:14:50+01:00" level=debug msg="        Loading Install Config..."
time="2019-12-03T13:14:50+01:00" level=debug msg="        Loading Network Config..."
time="2019-12-03T13:14:50+01:00" level=debug msg="      Loading Scheduler Config..."
time="2019-12-03T13:14:50+01:00" level=debug msg="        Loading Install Config..."
time="2019-12-03T13:14:50+01:00" level=debug msg="      Loading Image Content Source Policy..."
time="2019-12-03T13:14:50+01:00" level=debug msg="        Loading Install Config..."
time="2019-12-03T13:14:50+01:00" level=debug msg="      Loading Root CA..."
time="2019-12-03T13:14:50+01:00" level=debug msg="      Loading Certificate (etcd-signer)..."
time="2019-12-03T13:14:50+01:00" level=debug msg="      Loading Certificate (etcd-ca-bundle)..."
time="2019-12-03T13:14:50+01:00" level=debug msg="        Loading Certificate (etcd-signer)..."
time="2019-12-03T13:14:50+01:00" level=debug msg="      Loading Certificate (etcd-client)..."
time="2019-12-03T13:14:50+01:00" level=debug msg="        Loading Certificate (etcd-signer)..."
time="2019-12-03T13:14:50+01:00" level=debug msg="      Loading Certificate (etcd-metric-ca-bundle)..."
time="2019-12-03T13:14:50+01:00" level=debug msg="        Loading Certificate (etcd-metric-signer)..."
time="2019-12-03T13:14:50+01:00" level=debug msg="      Loading Certificate (etcd-metric-signer)..."
time="2019-12-03T13:14:50+01:00" level=debug msg="      Loading Certificate (etcd-metric-signer-client)..."
time="2019-12-03T13:14:50+01:00" level=debug msg="        Loading Certificate (etcd-metric-signer)..."
time="2019-12-03T13:14:50+01:00" level=debug msg="      Loading Certificate (mcs)..."
time="2019-12-03T13:14:50+01:00" level=debug msg="        Loading Root CA..."
time="2019-12-03T13:14:50+01:00" level=debug msg="        Loading Install Config..."
time="2019-12-03T13:14:50+01:00" level=debug msg="      Loading CVOOverrides..."
time="2019-12-03T13:14:50+01:00" level=debug msg="      Loading EtcdCAConfigMap..."
time="2019-12-03T13:14:50+01:00" level=debug msg="      Loading EtcdClientSecret..."
time="2019-12-03T13:14:50+01:00" level=debug msg="      Loading EtcdHostServiceEndpoints..."
time="2019-12-03T13:14:50+01:00" level=debug msg="      Loading EtcdHostService..."
time="2019-12-03T13:14:50+01:00" level=debug msg="      Loading EtcdMetricClientSecret..."
time="2019-12-03T13:14:50+01:00" level=debug msg="      Loading EtcdMetricServingCAConfigMap..."
time="2019-12-03T13:14:50+01:00" level=debug msg="      Loading EtcdMetricSignerSecret..."
time="2019-12-03T13:14:50+01:00" level=debug msg="      Loading EtcdNamespace..."
time="2019-12-03T13:14:50+01:00" level=debug msg="      Loading EtcdService..."
time="2019-12-03T13:14:50+01:00" level=debug msg="      Loading EtcdSignerSecret..."
time="2019-12-03T13:14:50+01:00" level=debug msg="      Loading KubeCloudConfig..."
time="2019-12-03T13:14:50+01:00" level=debug msg="      Loading EtcdServingCAConfigMap..."
time="2019-12-03T13:14:50+01:00" level=debug msg="      Loading KubeSystemConfigmapRootCA..."
time="2019-12-03T13:14:50+01:00" level=debug msg="      Loading MachineConfigServerTLSSecret..."
time="2019-12-03T13:14:50+01:00" level=debug msg="      Loading OpenshiftConfigSecretPullSecret..."
time="2019-12-03T13:14:50+01:00" level=debug msg="      Loading OpenshiftMachineConfigOperator..."
time="2019-12-03T13:14:50+01:00" level=debug msg="    Loading Openshift Manifests..."
time="2019-12-03T13:14:50+01:00" level=debug msg="      Loading Install Config..."
time="2019-12-03T13:14:50+01:00" level=debug msg="      Loading Cluster ID..."
time="2019-12-03T13:14:50+01:00" level=debug msg="      Loading Kubeadmin Password..."
time="2019-12-03T13:14:50+01:00" level=debug msg="      Loading CloudCredsSecret..."
time="2019-12-03T13:14:50+01:00" level=debug msg="      Loading KubeadminPasswordSecret..."
time="2019-12-03T13:14:50+01:00" level=debug msg="      Loading RoleCloudCredsSecretReader..."
time="2019-12-03T13:14:50+01:00" level=debug msg="    Loading Proxy Config..."
time="2019-12-03T13:14:50+01:00" level=debug msg="    Loading Certificate (admin-kubeconfig-ca-bundle)..."
time="2019-12-03T13:14:50+01:00" level=debug msg="      Loading Certificate (admin-kubeconfig-signer)..."
time="2019-12-03T13:14:50+01:00" level=debug msg="    Loading Certificate (aggregator)..."
time="2019-12-03T13:14:50+01:00" level=debug msg="    Loading Certificate (aggregator-ca-bundle)..."
time="2019-12-03T13:14:50+01:00" level=debug msg="      Loading Certificate (aggregator-signer)..."
time="2019-12-03T13:14:50+01:00" level=debug msg="    Loading Certificate (system:kube-apiserver-proxy)..."
time="2019-12-03T13:14:50+01:00" level=debug msg="      Loading Certificate (aggregator-signer)..."
time="2019-12-03T13:14:50+01:00" level=debug msg="    Loading Certificate (aggregator-signer)..."
time="2019-12-03T13:14:50+01:00" level=debug msg="    Loading Certificate (system:kube-apiserver-proxy)..."
time="2019-12-03T13:14:50+01:00" level=debug msg="      Loading Certificate (aggregator)..."
time="2019-12-03T13:14:50+01:00" level=debug msg="    Loading Certificate (etcd-ca-bundle)..."
time="2019-12-03T13:14:50+01:00" level=debug msg="    Loading Certificate (etcd-metric-ca-bundle)..."
time="2019-12-03T13:14:50+01:00" level=debug msg="    Loading Certificate (etcd-metric-signer)..."
time="2019-12-03T13:14:50+01:00" level=debug msg="    Loading Certificate (etcd-metric-signer-client)..."
time="2019-12-03T13:14:50+01:00" level=debug msg="    Loading Certificate (etcd-signer)..."
time="2019-12-03T13:14:50+01:00" level=debug msg="    Loading Certificate (etcd-client)..."
time="2019-12-03T13:14:50+01:00" level=debug msg="    Loading Certificate (journal-gatewayd)..."
time="2019-12-03T13:14:50+01:00" level=debug msg="      Loading Root CA..."
time="2019-12-03T13:14:50+01:00" level=debug msg="    Loading Certificate (kube-apiserver-lb-ca-bundle)..."
time="2019-12-03T13:14:50+01:00" level=debug msg="    Loading Certificate (kube-apiserver-external-lb-server)..."
time="2019-12-03T13:14:50+01:00" level=debug msg="      Loading Certificate (kube-apiserver-lb-signer)..."
time="2019-12-03T13:14:50+01:00" level=debug msg="      Loading Install Config..."
time="2019-12-03T13:14:50+01:00" level=debug msg="    Loading Certificate (kube-apiserver-internal-lb-server)..."
time="2019-12-03T13:14:50+01:00" level=debug msg="      Loading Certificate (kube-apiserver-lb-signer)..."
time="2019-12-03T13:14:50+01:00" level=debug msg="      Loading Install Config..."
time="2019-12-03T13:14:50+01:00" level=debug msg="    Loading Certificate (kube-apiserver-lb-signer)..."
time="2019-12-03T13:14:50+01:00" level=debug msg="    Loading Certificate (kube-apiserver-localhost-ca-bundle)..."
time="2019-12-03T13:14:50+01:00" level=debug msg="    Loading Certificate (kube-apiserver-localhost-server)..."
time="2019-12-03T13:14:50+01:00" level=debug msg="      Loading Certificate (kube-apiserver-localhost-signer)..."
time="2019-12-03T13:14:50+01:00" level=debug msg="    Loading Certificate (kube-apiserver-localhost-signer)..."
time="2019-12-03T13:14:50+01:00" level=debug msg="    Loading Certificate (kube-apiserver-service-network-ca-bundle)..."
time="2019-12-03T13:14:50+01:00" level=debug msg="    Loading Certificate (kube-apiserver-service-network-server)..."
time="2019-12-03T13:14:50+01:00" level=debug msg="      Loading Certificate (kube-apiserver-service-network-signer)..."
time="2019-12-03T13:14:50+01:00" level=debug msg="      Loading Install Config..."
time="2019-12-03T13:14:50+01:00" level=debug msg="    Loading Certificate (kube-apiserver-service-network-signer)..."
time="2019-12-03T13:14:50+01:00" level=debug msg="    Loading Certificate (kube-apiserver-complete-server-ca-bundle)..."
time="2019-12-03T13:14:50+01:00" level=debug msg="    Loading Certificate (kube-apiserver-complete-client-ca-bundle)..."
time="2019-12-03T13:14:50+01:00" level=debug msg="      Loading Certificate (admin-kubeconfig-ca-bundle)..."
time="2019-12-03T13:14:50+01:00" level=debug msg="      Loading Certificate (kubelet-client-ca-bundle)..."
time="2019-12-03T13:14:50+01:00" level=debug msg="        Loading Certificate (kubelet-signer)..."
time="2019-12-03T13:14:50+01:00" level=debug msg="      Loading Certificate (kube-control-plane-ca-bundle)..."
time="2019-12-03T13:14:50+01:00" level=debug msg="        Loading Certificate (kube-control-plane-signer)..."
time="2019-12-03T13:14:50+01:00" level=debug msg="        Loading Certificate (kube-apiserver-lb-signer)..."
time="2019-12-03T13:14:50+01:00" level=debug msg="        Loading Certificate (kube-apiserver-localhost-signer)..."
time="2019-12-03T13:14:50+01:00" level=debug msg="        Loading Certificate (kube-apiserver-service-network-signer)..."
time="2019-12-03T13:14:50+01:00" level=debug msg="      Loading Certificate (kube-apiserver-to-kubelet-ca-bundle)..."
time="2019-12-03T13:14:50+01:00" level=debug msg="        Loading Certificate (kube-apiserver-to-kubelet-signer)..."
time="2019-12-03T13:14:50+01:00" level=debug msg="      Loading Certificate (kubelet-bootstrap-kubeconfig-ca-bundle)..."
time="2019-12-03T13:14:50+01:00" level=debug msg="        Loading Certificate (kubelet-bootstrap-kubeconfig-signer)..."
time="2019-12-03T13:14:50+01:00" level=debug msg="    Loading Certificate (kube-apiserver-to-kubelet-ca-bundle)..."
time="2019-12-03T13:14:50+01:00" level=debug msg="    Loading Certificate (kube-apiserver-to-kubelet-client)..."
time="2019-12-03T13:14:50+01:00" level=debug msg="      Loading Certificate (kube-apiserver-to-kubelet-signer)..."
time="2019-12-03T13:14:50+01:00" level=debug msg="    Loading Certificate (kube-apiserver-to-kubelet-signer)..."
time="2019-12-03T13:14:50+01:00" level=debug msg="    Loading Certificate (kube-control-plane-ca-bundle)..."
time="2019-12-03T13:14:50+01:00" level=debug msg="    Loading Certificate (kube-control-plane-kube-controller-manager-client)..."
time="2019-12-03T13:14:50+01:00" level=debug msg="      Loading Certificate (kube-control-plane-signer)..."
time="2019-12-03T13:14:50+01:00" level=debug msg="    Loading Certificate (kube-control-plane-kube-scheduler-client)..."
time="2019-12-03T13:14:50+01:00" level=debug msg="      Loading Certificate (kube-control-plane-signer)..."
time="2019-12-03T13:14:50+01:00" level=debug msg="    Loading Certificate (kube-control-plane-signer)..."
time="2019-12-03T13:14:50+01:00" level=debug msg="    Loading Certificate (kubelet-bootstrap-kubeconfig-ca-bundle)..."
time="2019-12-03T13:14:50+01:00" level=debug msg="    Loading Certificate (kubelet-client-ca-bundle)..."
time="2019-12-03T13:14:50+01:00" level=debug msg="    Loading Certificate (kubelet-client)..."
time="2019-12-03T13:14:50+01:00" level=debug msg="    Loading Certificate (kubelet-signer)..."
time="2019-12-03T13:14:50+01:00" level=debug msg="    Loading Certificate (kubelet-serving-ca-bundle)..."
time="2019-12-03T13:14:50+01:00" level=debug msg="      Loading Certificate (kubelet-signer)..."
time="2019-12-03T13:14:50+01:00" level=debug msg="    Loading Certificate (mcs)..."
time="2019-12-03T13:14:50+01:00" level=debug msg="    Loading Root CA..."
time="2019-12-03T13:14:50+01:00" level=debug msg="    Loading Key Pair (service-account.pub)..."
time="2019-12-03T13:14:50+01:00" level=debug msg="    Loading Release Image Pull Spec..."
time="2019-12-03T13:14:50+01:00" level=debug msg="    Loading Image..."
time="2019-12-03T13:14:50+01:00" level=debug msg="  Loading Master Ignition Config..."
time="2019-12-03T13:14:50+01:00" level=debug msg="  Loading Master Machines..."
time="2019-12-03T13:14:50+01:00" level=debug msg="  Loading Worker Machines..."
time="2019-12-03T13:14:50+01:00" level=debug msg="  Fetching Cluster ID..."
time="2019-12-03T13:14:50+01:00" level=debug msg="    Fetching Install Config..."
time="2019-12-03T13:14:50+01:00" level=debug msg="      Fetching SSH Key..."
time="2019-12-03T13:14:50+01:00" level=debug msg="      Generating SSH Key..."
time="2019-12-03T13:14:57+01:00" level=debug msg="      Fetching Base Domain..."
time="2019-12-03T13:14:57+01:00" level=debug msg="        Fetching Platform..."
time="2019-12-03T13:14:57+01:00" level=debug msg="        Generating Platform..."
time="2019-12-03T13:15:06+01:00" level=fatal msg="failed to fetch Terraform Variables: failed to fetch dependency of \"Terraform Variables\": failed to fetch dependency of \"Cluster ID\": failed to fetch dependency of \"Install Config\": failed to fetch dependency of \"Base Domain\": failed to generate asset \"Platform\": no clouds.yaml file found"
time="2019-12-03T13:19:05+01:00" level=debug msg="OpenShift Installer unreleased-master-2025-g23f40299a6ab4f4f9bfbfd1ec1d15dfab90a6ecf-dirty"
time="2019-12-03T13:19:05+01:00" level=debug msg="Built from commit 23f40299a6ab4f4f9bfbfd1ec1d15dfab90a6ecf"
time="2019-12-03T13:19:05+01:00" level=debug msg="Fetching Terraform Variables..."
time="2019-12-03T13:19:05+01:00" level=debug msg="Loading Terraform Variables..."
time="2019-12-03T13:19:05+01:00" level=debug msg="  Loading Cluster ID..."
time="2019-12-03T13:19:05+01:00" level=debug msg="    Loading Install Config..."
time="2019-12-03T13:19:05+01:00" level=debug msg="      Loading SSH Key..."
time="2019-12-03T13:19:05+01:00" level=debug msg="      Loading Base Domain..."
time="2019-12-03T13:19:05+01:00" level=debug msg="        Loading Platform..."
time="2019-12-03T13:19:05+01:00" level=debug msg="      Loading Cluster Name..."
time="2019-12-03T13:19:05+01:00" level=debug msg="        Loading Base Domain..."
time="2019-12-03T13:19:05+01:00" level=debug msg="      Loading Pull Secret..."
time="2019-12-03T13:19:05+01:00" level=debug msg="      Loading Platform..."
time="2019-12-03T13:19:05+01:00" level=debug msg="  Loading Install Config..."
time="2019-12-03T13:19:05+01:00" level=debug msg="  Loading Image..."
time="2019-12-03T13:19:05+01:00" level=debug msg="    Loading Install Config..."
time="2019-12-03T13:19:05+01:00" level=debug msg="  Loading BootstrapImage..."
time="2019-12-03T13:19:05+01:00" level=debug msg="    Loading Install Config..."
time="2019-12-03T13:19:05+01:00" level=debug msg="  Loading Bootstrap Ignition Config..."
time="2019-12-03T13:19:05+01:00" level=debug msg="    Loading Install Config..."
time="2019-12-03T13:19:05+01:00" level=debug msg="    Loading Kubeconfig Admin Client..."
time="2019-12-03T13:19:05+01:00" level=debug msg="      Loading Certificate (admin-kubeconfig-client)..."
time="2019-12-03T13:19:05+01:00" level=debug msg="        Loading Certificate (admin-kubeconfig-signer)..."
time="2019-12-03T13:19:05+01:00" level=debug msg="      Loading Certificate (kube-apiserver-complete-server-ca-bundle)..."
time="2019-12-03T13:19:05+01:00" level=debug msg="        Loading Certificate (kube-apiserver-localhost-ca-bundle)..."
time="2019-12-03T13:19:05+01:00" level=debug msg="          Loading Certificate (kube-apiserver-localhost-signer)..."
time="2019-12-03T13:19:05+01:00" level=debug msg="        Loading Certificate (kube-apiserver-service-network-ca-bundle)..."
time="2019-12-03T13:19:05+01:00" level=debug msg="          Loading Certificate (kube-apiserver-service-network-signer)..."
time="2019-12-03T13:19:05+01:00" level=debug msg="        Loading Certificate (kube-apiserver-lb-ca-bundle)..."
time="2019-12-03T13:19:05+01:00" level=debug msg="          Loading Certificate (kube-apiserver-lb-signer)..."
time="2019-12-03T13:19:05+01:00" level=debug msg="      Loading Install Config..."
time="2019-12-03T13:19:05+01:00" level=debug msg="    Loading Kubeconfig Kubelet..."
time="2019-12-03T13:19:05+01:00" level=debug msg="      Loading Certificate (kube-apiserver-complete-server-ca-bundle)..."
time="2019-12-03T13:19:05+01:00" level=debug msg="      Loading Certificate (kubelet-client)..."
time="2019-12-03T13:19:05+01:00" level=debug msg="        Loading Certificate (kubelet-bootstrap-kubeconfig-signer)..."
time="2019-12-03T13:19:05+01:00" level=debug msg="      Loading Install Config..."
time="2019-12-03T13:19:05+01:00" level=debug msg="    Loading Kubeconfig Admin Client (Loopback)..."
time="2019-12-03T13:19:05+01:00" level=debug msg="      Loading Certificate (admin-kubeconfig-client)..."
time="2019-12-03T13:19:05+01:00" level=debug msg="      Loading Certificate (kube-apiserver-localhost-ca-bundle)..."
time="2019-12-03T13:19:05+01:00" level=debug msg="      Loading Install Config..."
time="2019-12-03T13:19:05+01:00" level=debug msg="    Loading Master Machines..."
time="2019-12-03T13:19:05+01:00" level=debug msg="      Loading Cluster ID..."
time="2019-12-03T13:19:05+01:00" level=debug msg="      Loading Platform Credentials Check..."
time="2019-12-03T13:19:05+01:00" level=debug msg="        Loading Install Config..."
time="2019-12-03T13:19:05+01:00" level=debug msg="      Loading Install Config..."
time="2019-12-03T13:19:05+01:00" level=debug msg="      Loading Image..."
time="2019-12-03T13:19:05+01:00" level=debug msg="      Loading Master Ignition Config..."
time="2019-12-03T13:19:05+01:00" level=debug msg="        Loading Install Config..."
time="2019-12-03T13:19:05+01:00" level=debug msg="        Loading Root CA..."
time="2019-12-03T13:19:05+01:00" level=debug msg="    Loading Worker Machines..."
time="2019-12-03T13:19:05+01:00" level=debug msg="      Loading Cluster ID..."
time="2019-12-03T13:19:05+01:00" level=debug msg="      Loading Platform Credentials Check..."
time="2019-12-03T13:19:05+01:00" level=debug msg="      Loading Install Config..."
time="2019-12-03T13:19:05+01:00" level=debug msg="      Loading Image..."
time="2019-12-03T13:19:05+01:00" level=debug msg="      Loading Worker Ignition Config..."
time="2019-12-03T13:19:05+01:00" level=debug msg="        Loading Install Config..."
time="2019-12-03T13:19:05+01:00" level=debug msg="        Loading Root CA..."
time="2019-12-03T13:19:05+01:00" level=debug msg="    Loading Common Manifests..."
time="2019-12-03T13:19:05+01:00" level=debug msg="      Loading Cluster ID..."
time="2019-12-03T13:19:05+01:00" level=debug msg="      Loading Install Config..."
time="2019-12-03T13:19:05+01:00" level=debug msg="      Loading Ingress Config..."
time="2019-12-03T13:19:05+01:00" level=debug msg="        Loading Install Config..."
time="2019-12-03T13:19:05+01:00" level=debug msg="      Loading DNS Config..."
time="2019-12-03T13:19:05+01:00" level=debug msg="        Loading Install Config..."
time="2019-12-03T13:19:05+01:00" level=debug msg="        Loading Cluster ID..."
time="2019-12-03T13:19:05+01:00" level=debug msg="        Loading Platform Credentials Check..."
time="2019-12-03T13:19:05+01:00" level=debug msg="      Loading Infrastructure Config..."
time="2019-12-03T13:19:05+01:00" level=debug msg="        Loading Cluster ID..."
time="2019-12-03T13:19:05+01:00" level=debug msg="        Loading Install Config..."
time="2019-12-03T13:19:05+01:00" level=debug msg="        Loading Cloud Provider Config..."
time="2019-12-03T13:19:05+01:00" level=debug msg="          Loading Install Config..."
time="2019-12-03T13:19:05+01:00" level=debug msg="          Loading Cluster ID..."
time="2019-12-03T13:19:05+01:00" level=debug msg="          Loading Platform Credentials Check..."
time="2019-12-03T13:19:05+01:00" level=debug msg="        Loading Additional Trust Bundle Config..."
time="2019-12-03T13:19:05+01:00" level=debug msg="          Loading Install Config..."
time="2019-12-03T13:19:05+01:00" level=debug msg="      Loading Network Config..."
time="2019-12-03T13:19:05+01:00" level=debug msg="        Loading Install Config..."
time="2019-12-03T13:19:05+01:00" level=debug msg="        Loading Network CRDs..."
time="2019-12-03T13:19:05+01:00" level=debug msg="      Loading Proxy Config..."
time="2019-12-03T13:19:05+01:00" level=debug msg="        Loading Install Config..."
time="2019-12-03T13:19:05+01:00" level=debug msg="        Loading Network Config..."
time="2019-12-03T13:19:05+01:00" level=debug msg="      Loading Scheduler Config..."
time="2019-12-03T13:19:05+01:00" level=debug msg="        Loading Install Config..."
time="2019-12-03T13:19:05+01:00" level=debug msg="      Loading Image Content Source Policy..."
time="2019-12-03T13:19:05+01:00" level=debug msg="        Loading Install Config..."
time="2019-12-03T13:19:05+01:00" level=debug msg="      Loading Root CA..."
time="2019-12-03T13:19:05+01:00" level=debug msg="      Loading Certificate (etcd-signer)..."
time="2019-12-03T13:19:05+01:00" level=debug msg="      Loading Certificate (etcd-ca-bundle)..."
time="2019-12-03T13:19:05+01:00" level=debug msg="        Loading Certificate (etcd-signer)..."
time="2019-12-03T13:19:05+01:00" level=debug msg="      Loading Certificate (etcd-client)..."
time="2019-12-03T13:19:05+01:00" level=debug msg="        Loading Certificate (etcd-signer)..."
time="2019-12-03T13:19:05+01:00" level=debug msg="      Loading Certificate (etcd-metric-ca-bundle)..."
time="2019-12-03T13:19:05+01:00" level=debug msg="        Loading Certificate (etcd-metric-signer)..."
time="2019-12-03T13:19:05+01:00" level=debug msg="      Loading Certificate (etcd-metric-signer)..."
time="2019-12-03T13:19:05+01:00" level=debug msg="      Loading Certificate (etcd-metric-signer-client)..."
time="2019-12-03T13:19:05+01:00" level=debug msg="        Loading Certificate (etcd-metric-signer)..."
time="2019-12-03T13:19:05+01:00" level=debug msg="      Loading Certificate (mcs)..."
time="2019-12-03T13:19:05+01:00" level=debug msg="        Loading Root CA..."
time="2019-12-03T13:19:05+01:00" level=debug msg="        Loading Install Config..."
time="2019-12-03T13:19:05+01:00" level=debug msg="      Loading CVOOverrides..."
time="2019-12-03T13:19:05+01:00" level=debug msg="      Loading EtcdCAConfigMap..."
time="2019-12-03T13:19:05+01:00" level=debug msg="      Loading EtcdClientSecret..."
time="2019-12-03T13:19:05+01:00" level=debug msg="      Loading EtcdHostServiceEndpoints..."
time="2019-12-03T13:19:05+01:00" level=debug msg="      Loading EtcdHostService..."
time="2019-12-03T13:19:05+01:00" level=debug msg="      Loading EtcdMetricClientSecret..."
time="2019-12-03T13:19:05+01:00" level=debug msg="      Loading EtcdMetricServingCAConfigMap..."
time="2019-12-03T13:19:05+01:00" level=debug msg="      Loading EtcdMetricSignerSecret..."
time="2019-12-03T13:19:05+01:00" level=debug msg="      Loading EtcdNamespace..."
time="2019-12-03T13:19:05+01:00" level=debug msg="      Loading EtcdService..."
time="2019-12-03T13:19:05+01:00" level=debug msg="      Loading EtcdSignerSecret..."
time="2019-12-03T13:19:05+01:00" level=debug msg="      Loading KubeCloudConfig..."
time="2019-12-03T13:19:05+01:00" level=debug msg="      Loading EtcdServingCAConfigMap..."
time="2019-12-03T13:19:05+01:00" level=debug msg="      Loading KubeSystemConfigmapRootCA..."
time="2019-12-03T13:19:05+01:00" level=debug msg="      Loading MachineConfigServerTLSSecret..."
time="2019-12-03T13:19:05+01:00" level=debug msg="      Loading OpenshiftConfigSecretPullSecret..."
time="2019-12-03T13:19:05+01:00" level=debug msg="      Loading OpenshiftMachineConfigOperator..."
time="2019-12-03T13:19:05+01:00" level=debug msg="    Loading Openshift Manifests..."
time="2019-12-03T13:19:05+01:00" level=debug msg="      Loading Install Config..."
time="2019-12-03T13:19:05+01:00" level=debug msg="      Loading Cluster ID..."
time="2019-12-03T13:19:05+01:00" level=debug msg="      Loading Kubeadmin Password..."
time="2019-12-03T13:19:05+01:00" level=debug msg="      Loading CloudCredsSecret..."
time="2019-12-03T13:19:05+01:00" level=debug msg="      Loading KubeadminPasswordSecret..."
time="2019-12-03T13:19:05+01:00" level=debug msg="      Loading RoleCloudCredsSecretReader..."
time="2019-12-03T13:19:05+01:00" level=debug msg="    Loading Proxy Config..."
time="2019-12-03T13:19:05+01:00" level=debug msg="    Loading Certificate (admin-kubeconfig-ca-bundle)..."
time="2019-12-03T13:19:05+01:00" level=debug msg="      Loading Certificate (admin-kubeconfig-signer)..."
time="2019-12-03T13:19:05+01:00" level=debug msg="    Loading Certificate (aggregator)..."
time="2019-12-03T13:19:05+01:00" level=debug msg="    Loading Certificate (aggregator-ca-bundle)..."
time="2019-12-03T13:19:05+01:00" level=debug msg="      Loading Certificate (aggregator-signer)..."
time="2019-12-03T13:19:05+01:00" level=debug msg="    Loading Certificate (system:kube-apiserver-proxy)..."
time="2019-12-03T13:19:05+01:00" level=debug msg="      Loading Certificate (aggregator-signer)..."
time="2019-12-03T13:19:05+01:00" level=debug msg="    Loading Certificate (aggregator-signer)..."
time="2019-12-03T13:19:05+01:00" level=debug msg="    Loading Certificate (system:kube-apiserver-proxy)..."
time="2019-12-03T13:19:05+01:00" level=debug msg="      Loading Certificate (aggregator)..."
time="2019-12-03T13:19:05+01:00" level=debug msg="    Loading Certificate (etcd-ca-bundle)..."
time="2019-12-03T13:19:05+01:00" level=debug msg="    Loading Certificate (etcd-metric-ca-bundle)..."
time="2019-12-03T13:19:05+01:00" level=debug msg="    Loading Certificate (etcd-metric-signer)..."
time="2019-12-03T13:19:05+01:00" level=debug msg="    Loading Certificate (etcd-metric-signer-client)..."
time="2019-12-03T13:19:05+01:00" level=debug msg="    Loading Certificate (etcd-signer)..."
time="2019-12-03T13:19:05+01:00" level=debug msg="    Loading Certificate (etcd-client)..."
time="2019-12-03T13:19:05+01:00" level=debug msg="    Loading Certificate (journal-gatewayd)..."
time="2019-12-03T13:19:05+01:00" level=debug msg="      Loading Root CA..."
time="2019-12-03T13:19:05+01:00" level=debug msg="    Loading Certificate (kube-apiserver-lb-ca-bundle)..."
time="2019-12-03T13:19:05+01:00" level=debug msg="    Loading Certificate (kube-apiserver-external-lb-server)..."
time="2019-12-03T13:19:05+01:00" level=debug msg="      Loading Certificate (kube-apiserver-lb-signer)..."
time="2019-12-03T13:19:05+01:00" level=debug msg="      Loading Install Config..."
time="2019-12-03T13:19:05+01:00" level=debug msg="    Loading Certificate (kube-apiserver-internal-lb-server)..."
time="2019-12-03T13:19:05+01:00" level=debug msg="      Loading Certificate (kube-apiserver-lb-signer)..."
time="2019-12-03T13:19:05+01:00" level=debug msg="      Loading Install Config..."
time="2019-12-03T13:19:05+01:00" level=debug msg="    Loading Certificate (kube-apiserver-lb-signer)..."
time="2019-12-03T13:19:05+01:00" level=debug msg="    Loading Certificate (kube-apiserver-localhost-ca-bundle)..."
time="2019-12-03T13:19:05+01:00" level=debug msg="    Loading Certificate (kube-apiserver-localhost-server)..."
time="2019-12-03T13:19:05+01:00" level=debug msg="      Loading Certificate (kube-apiserver-localhost-signer)..."
time="2019-12-03T13:19:05+01:00" level=debug msg="    Loading Certificate (kube-apiserver-localhost-signer)..."
time="2019-12-03T13:19:05+01:00" level=debug msg="    Loading Certificate (kube-apiserver-service-network-ca-bundle)..."
time="2019-12-03T13:19:05+01:00" level=debug msg="    Loading Certificate (kube-apiserver-service-network-server)..."
time="2019-12-03T13:19:05+01:00" level=debug msg="      Loading Certificate (kube-apiserver-service-network-signer)..."
time="2019-12-03T13:19:05+01:00" level=debug msg="      Loading Install Config..."
time="2019-12-03T13:19:05+01:00" level=debug msg="    Loading Certificate (kube-apiserver-service-network-signer)..."
time="2019-12-03T13:19:05+01:00" level=debug msg="    Loading Certificate (kube-apiserver-complete-server-ca-bundle)..."
time="2019-12-03T13:19:05+01:00" level=debug msg="    Loading Certificate (kube-apiserver-complete-client-ca-bundle)..."
time="2019-12-03T13:19:05+01:00" level=debug msg="      Loading Certificate (admin-kubeconfig-ca-bundle)..."
time="2019-12-03T13:19:05+01:00" level=debug msg="      Loading Certificate (kubelet-client-ca-bundle)..."
time="2019-12-03T13:19:05+01:00" level=debug msg="        Loading Certificate (kubelet-signer)..."
time="2019-12-03T13:19:05+01:00" level=debug msg="      Loading Certificate (kube-control-plane-ca-bundle)..."
time="2019-12-03T13:19:05+01:00" level=debug msg="        Loading Certificate (kube-control-plane-signer)..."
time="2019-12-03T13:19:05+01:00" level=debug msg="        Loading Certificate (kube-apiserver-lb-signer)..."
time="2019-12-03T13:19:05+01:00" level=debug msg="        Loading Certificate (kube-apiserver-localhost-signer)..."
time="2019-12-03T13:19:05+01:00" level=debug msg="        Loading Certificate (kube-apiserver-service-network-signer)..."
time="2019-12-03T13:19:05+01:00" level=debug msg="      Loading Certificate (kube-apiserver-to-kubelet-ca-bundle)..."
time="2019-12-03T13:19:05+01:00" level=debug msg="        Loading Certificate (kube-apiserver-to-kubelet-signer)..."
time="2019-12-03T13:19:05+01:00" level=debug msg="      Loading Certificate (kubelet-bootstrap-kubeconfig-ca-bundle)..."
time="2019-12-03T13:19:05+01:00" level=debug msg="        Loading Certificate (kubelet-bootstrap-kubeconfig-signer)..."
time="2019-12-03T13:19:05+01:00" level=debug msg="    Loading Certificate (kube-apiserver-to-kubelet-ca-bundle)..."
time="2019-12-03T13:19:05+01:00" level=debug msg="    Loading Certificate (kube-apiserver-to-kubelet-client)..."
time="2019-12-03T13:19:05+01:00" level=debug msg="      Loading Certificate (kube-apiserver-to-kubelet-signer)..."
time="2019-12-03T13:19:05+01:00" level=debug msg="    Loading Certificate (kube-apiserver-to-kubelet-signer)..."
time="2019-12-03T13:19:05+01:00" level=debug msg="    Loading Certificate (kube-control-plane-ca-bundle)..."
time="2019-12-03T13:19:05+01:00" level=debug msg="    Loading Certificate (kube-control-plane-kube-controller-manager-client)..."
time="2019-12-03T13:19:05+01:00" level=debug msg="      Loading Certificate (kube-control-plane-signer)..."
time="2019-12-03T13:19:05+01:00" level=debug msg="    Loading Certificate (kube-control-plane-kube-scheduler-client)..."
time="2019-12-03T13:19:05+01:00" level=debug msg="      Loading Certificate (kube-control-plane-signer)..."
time="2019-12-03T13:19:05+01:00" level=debug msg="    Loading Certificate (kube-control-plane-signer)..."
time="2019-12-03T13:19:05+01:00" level=debug msg="    Loading Certificate (kubelet-bootstrap-kubeconfig-ca-bundle)..."
time="2019-12-03T13:19:05+01:00" level=debug msg="    Loading Certificate (kubelet-client-ca-bundle)..."
time="2019-12-03T13:19:05+01:00" level=debug msg="    Loading Certificate (kubelet-client)..."
time="2019-12-03T13:19:05+01:00" level=debug msg="    Loading Certificate (kubelet-signer)..."
time="2019-12-03T13:19:05+01:00" level=debug msg="    Loading Certificate (kubelet-serving-ca-bundle)..."
time="2019-12-03T13:19:05+01:00" level=debug msg="      Loading Certificate (kubelet-signer)..."
time="2019-12-03T13:19:05+01:00" level=debug msg="    Loading Certificate (mcs)..."
time="2019-12-03T13:19:05+01:00" level=debug msg="    Loading Root CA..."
time="2019-12-03T13:19:05+01:00" level=debug msg="    Loading Key Pair (service-account.pub)..."
time="2019-12-03T13:19:05+01:00" level=debug msg="    Loading Release Image Pull Spec..."
time="2019-12-03T13:19:05+01:00" level=debug msg="    Loading Image..."
time="2019-12-03T13:19:05+01:00" level=debug msg="  Loading Master Ignition Config..."
time="2019-12-03T13:19:05+01:00" level=debug msg="  Loading Master Machines..."
time="2019-12-03T13:19:05+01:00" level=debug msg="  Loading Worker Machines..."
time="2019-12-03T13:19:05+01:00" level=debug msg="  Fetching Cluster ID..."
time="2019-12-03T13:19:05+01:00" level=debug msg="    Fetching Install Config..."
time="2019-12-03T13:19:05+01:00" level=debug msg="      Fetching SSH Key..."
time="2019-12-03T13:19:05+01:00" level=debug msg="      Generating SSH Key..."
time="2019-12-03T13:19:07+01:00" level=debug msg="      Fetching Base Domain..."
time="2019-12-03T13:19:07+01:00" level=debug msg="        Fetching Platform..."
time="2019-12-03T13:19:07+01:00" level=debug msg="        Generating Platform..."
time="2019-12-03T13:19:10+01:00" level=fatal msg="failed to fetch Terraform Variables: failed to fetch dependency of \"Terraform Variables\": failed to fetch dependency of \"Cluster ID\": failed to fetch dependency of \"Install Config\": failed to fetch dependency of \"Base Domain\": failed to generate asset \"Platform\": interrupt"
time="2020-04-09T14:07:23+02:00" level=debug msg="OpenShift Installer 4.3.9"
time="2020-04-09T14:07:23+02:00" level=debug msg="Built from commit 64fccd954517812eab166d38c7fc5bf71b219b7e"
time="2020-04-09T14:07:23+02:00" level=info msg="Pulling debug logs from the bootstrap machine"
time="2020-04-09T14:07:23+02:00" level=fatal msg="failed to create SSH client, ensure the proper ssh key is in your keyring or specify with --key: failed to initialize the SSH agent: failed to parse SSH private key from \"/root/.ssh/known_hosts\": ssh: no key found"
time="2020-04-09T14:08:43+02:00" level=debug msg="OpenShift Installer 4.3.9"
time="2020-04-09T14:08:43+02:00" level=debug msg="Built from commit 64fccd954517812eab166d38c7fc5bf71b219b7e"
time="2020-04-09T14:08:43+02:00" level=info msg="Pulling debug logs from the bootstrap machine"
time="2020-04-09T14:08:43+02:00" level=debug msg="Added id_rsa to installer's internal agent"
time="2020-04-09T14:08:43+02:00" level=fatal msg="failed to create SSH client: dial tcp 192.168.0.209:22: connect: connection refused"
